<?xml version="1.0" encoding="UTF-8"?>
<!-- Generated by org.testng.reporters.JUnitReportReporter -->
<testsuite skipped="0" hostname="CDC2-D-CJGWXJ2" name="demo.GoogleDemo" tests="1" failures="0" timestamp="12 Nov 2019 06:42:53 GMT" time="31.877" errors="0">
  <testcase name="f" time="31.877" classname="demo.GoogleDemo"/>
</testsuite> <!-- demo.GoogleDemo -->
